<?xml version="1.0" encoding="UTF-8"?>
<testsuite name="ComputerRepairRequestTest" tests="2" skipped="0" failures="0" errors="0" timestamp="2025-03-05T18:20:59" hostname="DESKTOP-5LU00PG" time="0.012">
  <properties/>
  <testcase name="First Test" classname="ComputerRepairRequestTest" time="0.01"/>
  <testcase name="TestExemplu" classname="ComputerRepairRequestTest" time="0.0"/>
  <system-out><![CDATA[]]></system-out>
  <system-err><![CDATA[]]></system-err>
</testsuite>
