<?xml version="1.0" encoding="UTF-8"?>
<testsuite name="ComputerRepairRequestTest" tests="2" skipped="0" failures="0" errors="0" timestamp="2025-03-04T16:43:48" hostname="DESKTOP-5LU00PG" time="0.02">
  <properties/>
  <testcase name="First Test" classname="ComputerRepairRequestTest" time="0.017"/>
  <testcase name="TestExemplu" classname="ComputerRepairRequestTest" time="0.001"/>
  <system-out><![CDATA[]]></system-out>
  <system-err><![CDATA[]]></system-err>
</testsuite>
